/Users/wanxiaoguang/Downloads/goProjects/src/github.com/tidbcloud/qa-Gourd/util/logUtil.go:12: testCase文件夹创建成功！
/Users/wanxiaoguang/Downloads/goProjects/src/github.com/tidbcloud/qa-Gourd/util/logUtil.go:12: testData文件夹创建成功！
/Users/wanxiaoguang/Downloads/goProjects/src/github.com/tidbcloud/qa-Gourd/util/logUtil.go:12: conf文件夹创建成功！
/Users/wanxiaoguang/Downloads/goProjects/src/github.com/tidbcloud/qa-Gourd/util/logUtil.go:12: check_login_account_test.go文件创建成功！
/Users/wanxiaoguang/Downloads/goProjects/src/github.com/tidbcloud/qa-Gourd/util/logUtil.go:12: check_login_account_test.go文件写入成功!
/Users/wanxiaoguang/Downloads/goProjects/src/github.com/tidbcloud/qa-Gourd/util/logUtil.go:12: check_login_account.csv文件创建成功！
/Users/wanxiaoguang/Downloads/goProjects/src/github.com/tidbcloud/qa-Gourd/util/logUtil.go:12: check_login_account.csv文件写入成功!
/Users/wanxiaoguang/Downloads/goProjects/src/github.com/tidbcloud/qa-Gourd/util/logUtil.go:12: staging.conf文件创建成功！
/Users/wanxiaoguang/Downloads/goProjects/src/github.com/tidbcloud/qa-Gourd/util/logUtil.go:12: staging.conf文件写入成功!
/Users/wanxiaoguang/Downloads/goProjects/src/github.com/tidbcloud/qa-Gourd/util/logUtil.go:12: testCase文件夹已存在！
/Users/wanxiaoguang/Downloads/goProjects/src/github.com/tidbcloud/qa-Gourd/util/logUtil.go:12: testData文件夹已存在！
/Users/wanxiaoguang/Downloads/goProjects/src/github.com/tidbcloud/qa-Gourd/util/logUtil.go:12: conf文件夹已存在！
/Users/wanxiaoguang/Downloads/goProjects/src/github.com/tidbcloud/qa-Gourd/util/logUtil.go:12: check_by_orgId_test.go文件创建成功！
/Users/wanxiaoguang/Downloads/goProjects/src/github.com/tidbcloud/qa-Gourd/util/logUtil.go:12: check_by_orgId_test.go文件写入成功!
/Users/wanxiaoguang/Downloads/goProjects/src/github.com/tidbcloud/qa-Gourd/util/logUtil.go:12: check_by_orgId.csv文件创建成功！
/Users/wanxiaoguang/Downloads/goProjects/src/github.com/tidbcloud/qa-Gourd/util/logUtil.go:12: check_by_orgId.csv文件写入成功!
/Users/wanxiaoguang/Downloads/goProjects/src/github.com/tidbcloud/qa-Gourd/util/logUtil.go:12: staging.conf文件已存在！
/Users/wanxiaoguang/Downloads/goProjects/src/github.com/tidbcloud/qa-Gourd/util/logUtil.go:12: testCase文件夹已存在！
/Users/wanxiaoguang/Downloads/goProjects/src/github.com/tidbcloud/qa-Gourd/util/logUtil.go:12: testData文件夹已存在！
/Users/wanxiaoguang/Downloads/goProjects/src/github.com/tidbcloud/qa-Gourd/util/logUtil.go:12: conf文件夹已存在！
/Users/wanxiaoguang/Downloads/goProjects/src/github.com/tidbcloud/qa-Gourd/util/logUtil.go:12: check_cluster_by_orgId_test.go文件创建成功！
/Users/wanxiaoguang/Downloads/goProjects/src/github.com/tidbcloud/qa-Gourd/util/logUtil.go:12: check_cluster_by_orgId_test.go文件写入成功!
/Users/wanxiaoguang/Downloads/goProjects/src/github.com/tidbcloud/qa-Gourd/util/logUtil.go:12: check_cluster_by_orgId.csv文件创建成功！
/Users/wanxiaoguang/Downloads/goProjects/src/github.com/tidbcloud/qa-Gourd/util/logUtil.go:12: check_cluster_by_orgId.csv文件写入成功!
/Users/wanxiaoguang/Downloads/goProjects/src/github.com/tidbcloud/qa-Gourd/util/logUtil.go:12: staging.conf文件已存在！
/Users/wanxiaoguang/Downloads/goProjects/src/github.com/tidbcloud/qa-Gourd/util/logUtil.go:12: testCase文件夹已存在！
/Users/wanxiaoguang/Downloads/goProjects/src/github.com/tidbcloud/qa-Gourd/util/logUtil.go:12: testData文件夹已存在！
/Users/wanxiaoguang/Downloads/goProjects/src/github.com/tidbcloud/qa-Gourd/util/logUtil.go:12: conf文件夹已存在！
/Users/wanxiaoguang/Downloads/goProjects/src/github.com/tidbcloud/qa-Gourd/util/logUtil.go:12: tier_intro_test.go文件创建成功！
/Users/wanxiaoguang/Downloads/goProjects/src/github.com/tidbcloud/qa-Gourd/util/logUtil.go:12: tier_intro_test.go文件写入成功!
/Users/wanxiaoguang/Downloads/goProjects/src/github.com/tidbcloud/qa-Gourd/util/logUtil.go:12: tier_intro.csv文件创建成功！
/Users/wanxiaoguang/Downloads/goProjects/src/github.com/tidbcloud/qa-Gourd/util/logUtil.go:12: tier_intro.csv文件写入成功!
/Users/wanxiaoguang/Downloads/goProjects/src/github.com/tidbcloud/qa-Gourd/util/logUtil.go:12: staging.conf文件已存在！
/Users/wanxiaoguang/Downloads/goProjects/src/github.com/tidbcloud/qa-Gourd/util/logUtil.go:12: testCase文件夹已存在！
/Users/wanxiaoguang/Downloads/goProjects/src/github.com/tidbcloud/qa-Gourd/util/logUtil.go:12: testData文件夹已存在！
/Users/wanxiaoguang/Downloads/goProjects/src/github.com/tidbcloud/qa-Gourd/util/logUtil.go:12: conf文件夹已存在！
/Users/wanxiaoguang/Downloads/goProjects/src/github.com/tidbcloud/qa-Gourd/util/logUtil.go:12: check_billing_by_orgId_test.go文件创建成功！
/Users/wanxiaoguang/Downloads/goProjects/src/github.com/tidbcloud/qa-Gourd/util/logUtil.go:12: check_billing_by_orgId_test.go文件写入成功!
/Users/wanxiaoguang/Downloads/goProjects/src/github.com/tidbcloud/qa-Gourd/util/logUtil.go:12: check_billing_by_orgId.csv文件创建成功！
/Users/wanxiaoguang/Downloads/goProjects/src/github.com/tidbcloud/qa-Gourd/util/logUtil.go:12: check_billing_by_orgId.csv文件写入成功!
/Users/wanxiaoguang/Downloads/goProjects/src/github.com/tidbcloud/qa-Gourd/util/logUtil.go:12: staging.conf文件已存在！
/Users/wanxiaoguang/Downloads/goProjects/src/github.com/tidbcloud/qa-Gourd/util/logUtil.go:12: testCase文件夹已存在！
/Users/wanxiaoguang/Downloads/goProjects/src/github.com/tidbcloud/qa-Gourd/util/logUtil.go:12: testData文件夹已存在！
/Users/wanxiaoguang/Downloads/goProjects/src/github.com/tidbcloud/qa-Gourd/util/logUtil.go:12: conf文件夹已存在！
/Users/wanxiaoguang/Downloads/goProjects/src/github.com/tidbcloud/qa-Gourd/util/logUtil.go:12: check_SPEC_cluster_test.go文件创建成功！
/Users/wanxiaoguang/Downloads/goProjects/src/github.com/tidbcloud/qa-Gourd/util/logUtil.go:12: check_SPEC_cluster_test.go文件写入成功!
/Users/wanxiaoguang/Downloads/goProjects/src/github.com/tidbcloud/qa-Gourd/util/logUtil.go:12: check_SPEC_cluster.csv文件创建成功！
/Users/wanxiaoguang/Downloads/goProjects/src/github.com/tidbcloud/qa-Gourd/util/logUtil.go:12: check_SPEC_cluster.csv文件写入成功!
/Users/wanxiaoguang/Downloads/goProjects/src/github.com/tidbcloud/qa-Gourd/util/logUtil.go:12: staging.conf文件已存在！
/Users/wanxiaoguang/Downloads/goProjects/src/github.com/tidbcloud/qa-Gourd/util/logUtil.go:12: testCase文件夹已存在！
/Users/wanxiaoguang/Downloads/goProjects/src/github.com/tidbcloud/qa-Gourd/util/logUtil.go:12: testData文件夹已存在！
/Users/wanxiaoguang/Downloads/goProjects/src/github.com/tidbcloud/qa-Gourd/util/logUtil.go:12: conf文件夹已存在！
/Users/wanxiaoguang/Downloads/goProjects/src/github.com/tidbcloud/qa-Gourd/util/logUtil.go:12: check_SPEC_tidb_test.go文件创建成功！
/Users/wanxiaoguang/Downloads/goProjects/src/github.com/tidbcloud/qa-Gourd/util/logUtil.go:12: check_SPEC_tidb_test.go文件写入成功!
/Users/wanxiaoguang/Downloads/goProjects/src/github.com/tidbcloud/qa-Gourd/util/logUtil.go:12: check_SPEC_tidb.csv文件创建成功！
/Users/wanxiaoguang/Downloads/goProjects/src/github.com/tidbcloud/qa-Gourd/util/logUtil.go:12: check_SPEC_tidb.csv文件写入成功!
/Users/wanxiaoguang/Downloads/goProjects/src/github.com/tidbcloud/qa-Gourd/util/logUtil.go:12: staging.conf文件已存在！
/Users/wanxiaoguang/Downloads/goProjects/src/github.com/tidbcloud/qa-Gourd/util/logUtil.go:12: testCase文件夹已存在！
/Users/wanxiaoguang/Downloads/goProjects/src/github.com/tidbcloud/qa-Gourd/util/logUtil.go:12: testData文件夹已存在！
/Users/wanxiaoguang/Downloads/goProjects/src/github.com/tidbcloud/qa-Gourd/util/logUtil.go:12: conf文件夹已存在！
/Users/wanxiaoguang/Downloads/goProjects/src/github.com/tidbcloud/qa-Gourd/util/logUtil.go:12: check_SPEC_tikv_test.go文件创建成功！
/Users/wanxiaoguang/Downloads/goProjects/src/github.com/tidbcloud/qa-Gourd/util/logUtil.go:12: check_SPEC_tikv_test.go文件写入成功!
/Users/wanxiaoguang/Downloads/goProjects/src/github.com/tidbcloud/qa-Gourd/util/logUtil.go:12: check_SPEC_tikv.csv文件创建成功！
/Users/wanxiaoguang/Downloads/goProjects/src/github.com/tidbcloud/qa-Gourd/util/logUtil.go:12: check_SPEC_tikv.csv文件写入成功!
/Users/wanxiaoguang/Downloads/goProjects/src/github.com/tidbcloud/qa-Gourd/util/logUtil.go:12: staging.conf文件已存在！
/Users/wanxiaoguang/Downloads/goProjects/src/github.com/tidbcloud/qa-Gourd/util/logUtil.go:12: testCase文件夹已存在！
/Users/wanxiaoguang/Downloads/goProjects/src/github.com/tidbcloud/qa-Gourd/util/logUtil.go:12: testData文件夹已存在！
/Users/wanxiaoguang/Downloads/goProjects/src/github.com/tidbcloud/qa-Gourd/util/logUtil.go:12: conf文件夹已存在！
/Users/wanxiaoguang/Downloads/goProjects/src/github.com/tidbcloud/qa-Gourd/util/logUtil.go:12: check_SPEC_tiflash_test.go文件创建成功！
/Users/wanxiaoguang/Downloads/goProjects/src/github.com/tidbcloud/qa-Gourd/util/logUtil.go:12: check_SPEC_tiflash_test.go文件写入成功!
/Users/wanxiaoguang/Downloads/goProjects/src/github.com/tidbcloud/qa-Gourd/util/logUtil.go:12: check_SPEC_tiflash.csv文件创建成功！
/Users/wanxiaoguang/Downloads/goProjects/src/github.com/tidbcloud/qa-Gourd/util/logUtil.go:12: check_SPEC_tiflash.csv文件写入成功!
/Users/wanxiaoguang/Downloads/goProjects/src/github.com/tidbcloud/qa-Gourd/util/logUtil.go:12: staging.conf文件已存在！
/Users/wanxiaoguang/Downloads/goProjects/src/github.com/tidbcloud/qa-Gourd/util/logUtil.go:12: testCase文件夹已存在！
/Users/wanxiaoguang/Downloads/goProjects/src/github.com/tidbcloud/qa-Gourd/util/logUtil.go:12: testData文件夹已存在！
/Users/wanxiaoguang/Downloads/goProjects/src/github.com/tidbcloud/qa-Gourd/util/logUtil.go:12: conf文件夹已存在！
/Users/wanxiaoguang/Downloads/goProjects/src/github.com/tidbcloud/qa-Gourd/util/logUtil.go:12: check_RB_by_orgId_test.go文件创建成功！
/Users/wanxiaoguang/Downloads/goProjects/src/github.com/tidbcloud/qa-Gourd/util/logUtil.go:12: check_RB_by_orgId_test.go文件写入成功!
/Users/wanxiaoguang/Downloads/goProjects/src/github.com/tidbcloud/qa-Gourd/util/logUtil.go:12: check_RB_by_orgId.csv文件创建成功！
/Users/wanxiaoguang/Downloads/goProjects/src/github.com/tidbcloud/qa-Gourd/util/logUtil.go:12: check_RB_by_orgId.csv文件写入成功!
/Users/wanxiaoguang/Downloads/goProjects/src/github.com/tidbcloud/qa-Gourd/util/logUtil.go:12: staging.conf文件已存在！
/Users/wanxiaoguang/Downloads/goProjects/src/github.com/tidbcloud/qa-Gourd/util/logUtil.go:12: testCase文件夹已存在！
/Users/wanxiaoguang/Downloads/goProjects/src/github.com/tidbcloud/qa-Gourd/util/logUtil.go:12: testData文件夹已存在！
/Users/wanxiaoguang/Downloads/goProjects/src/github.com/tidbcloud/qa-Gourd/util/logUtil.go:12: conf文件夹已存在！
/Users/wanxiaoguang/Downloads/goProjects/src/github.com/tidbcloud/qa-Gourd/util/logUtil.go:12: check_backup_SCHED_test.go文件创建成功！
/Users/wanxiaoguang/Downloads/goProjects/src/github.com/tidbcloud/qa-Gourd/util/logUtil.go:12: check_backup_SCHED_test.go文件写入成功!
/Users/wanxiaoguang/Downloads/goProjects/src/github.com/tidbcloud/qa-Gourd/util/logUtil.go:12: check_backup_SCHED.csv文件创建成功！
/Users/wanxiaoguang/Downloads/goProjects/src/github.com/tidbcloud/qa-Gourd/util/logUtil.go:12: check_backup_SCHED.csv文件写入成功!
/Users/wanxiaoguang/Downloads/goProjects/src/github.com/tidbcloud/qa-Gourd/util/logUtil.go:12: staging.conf文件已存在！
/Users/wanxiaoguang/Downloads/goProjects/src/github.com/tidbcloud/qa-Gourd/util/logUtil.go:12: testCase文件夹已存在！
/Users/wanxiaoguang/Downloads/goProjects/src/github.com/tidbcloud/qa-Gourd/util/logUtil.go:12: testData文件夹已存在！
/Users/wanxiaoguang/Downloads/goProjects/src/github.com/tidbcloud/qa-Gourd/util/logUtil.go:12: conf文件夹已存在！
/Users/wanxiaoguang/Downloads/goProjects/src/github.com/tidbcloud/qa-Gourd/util/logUtil.go:12: check_backups_by_orgId_test.go文件创建成功！
/Users/wanxiaoguang/Downloads/goProjects/src/github.com/tidbcloud/qa-Gourd/util/logUtil.go:12: check_backups_by_orgId_test.go文件写入成功!
/Users/wanxiaoguang/Downloads/goProjects/src/github.com/tidbcloud/qa-Gourd/util/logUtil.go:12: check_backups_by_orgId.csv文件创建成功！
/Users/wanxiaoguang/Downloads/goProjects/src/github.com/tidbcloud/qa-Gourd/util/logUtil.go:12: check_backups_by_orgId.csv文件写入成功!
/Users/wanxiaoguang/Downloads/goProjects/src/github.com/tidbcloud/qa-Gourd/util/logUtil.go:12: staging.conf文件已存在！
/Users/wanxiaoguang/Downloads/goProjects/src/github.com/tidbcloud/qa-Gourd/util/logUtil.go:12: testCase文件夹已存在！
/Users/wanxiaoguang/Downloads/goProjects/src/github.com/tidbcloud/qa-Gourd/util/logUtil.go:12: testData文件夹已存在！
/Users/wanxiaoguang/Downloads/goProjects/src/github.com/tidbcloud/qa-Gourd/util/logUtil.go:12: conf文件夹已存在！
/Users/wanxiaoguang/Downloads/goProjects/src/github.com/tidbcloud/qa-Gourd/util/logUtil.go:12: check_backups_by_cluster_test.go文件创建成功！
/Users/wanxiaoguang/Downloads/goProjects/src/github.com/tidbcloud/qa-Gourd/util/logUtil.go:12: check_backups_by_cluster_test.go文件写入成功!
/Users/wanxiaoguang/Downloads/goProjects/src/github.com/tidbcloud/qa-Gourd/util/logUtil.go:12: check_backups_by_cluster.csv文件创建成功！
/Users/wanxiaoguang/Downloads/goProjects/src/github.com/tidbcloud/qa-Gourd/util/logUtil.go:12: check_backups_by_cluster.csv文件写入成功!
/Users/wanxiaoguang/Downloads/goProjects/src/github.com/tidbcloud/qa-Gourd/util/logUtil.go:12: staging.conf文件已存在！
/Users/wanxiaoguang/Downloads/goProjects/src/github.com/tidbcloud/qa-Gourd/util/logUtil.go:12: testCase文件夹已存在！
/Users/wanxiaoguang/Downloads/goProjects/src/github.com/tidbcloud/qa-Gourd/util/logUtil.go:12: testData文件夹已存在！
/Users/wanxiaoguang/Downloads/goProjects/src/github.com/tidbcloud/qa-Gourd/util/logUtil.go:12: conf文件夹已存在！
/Users/wanxiaoguang/Downloads/goProjects/src/github.com/tidbcloud/qa-Gourd/util/logUtil.go:12: check_monitor_by_cluster_test.go文件创建成功！
/Users/wanxiaoguang/Downloads/goProjects/src/github.com/tidbcloud/qa-Gourd/util/logUtil.go:12: check_monitor_by_cluster_test.go文件写入成功!
/Users/wanxiaoguang/Downloads/goProjects/src/github.com/tidbcloud/qa-Gourd/util/logUtil.go:12: check_monitor_by_cluster.csv文件创建成功！
/Users/wanxiaoguang/Downloads/goProjects/src/github.com/tidbcloud/qa-Gourd/util/logUtil.go:12: check_monitor_by_cluster.csv文件写入成功!
/Users/wanxiaoguang/Downloads/goProjects/src/github.com/tidbcloud/qa-Gourd/util/logUtil.go:12: staging.conf文件已存在！
/Users/wanxiaoguang/Downloads/goProjects/src/github.com/tidbcloud/qa-Gourd/util/logUtil.go:12: testCase文件夹已存在！
/Users/wanxiaoguang/Downloads/goProjects/src/github.com/tidbcloud/qa-Gourd/util/logUtil.go:12: testData文件夹已存在！
/Users/wanxiaoguang/Downloads/goProjects/src/github.com/tidbcloud/qa-Gourd/util/logUtil.go:12: conf文件夹已存在！
/Users/wanxiaoguang/Downloads/goProjects/src/github.com/tidbcloud/qa-Gourd/util/logUtil.go:12: check_import_test.go文件创建成功！
/Users/wanxiaoguang/Downloads/goProjects/src/github.com/tidbcloud/qa-Gourd/util/logUtil.go:12: check_import_test.go文件写入成功!
/Users/wanxiaoguang/Downloads/goProjects/src/github.com/tidbcloud/qa-Gourd/util/logUtil.go:12: check_import.csv文件创建成功！
/Users/wanxiaoguang/Downloads/goProjects/src/github.com/tidbcloud/qa-Gourd/util/logUtil.go:12: check_import.csv文件写入成功!
/Users/wanxiaoguang/Downloads/goProjects/src/github.com/tidbcloud/qa-Gourd/util/logUtil.go:12: staging.conf文件已存在！
/Users/wanxiaoguang/Downloads/goProjects/src/github.com/tidbcloud/qa-Gourd/util/logUtil.go:12: testCase文件夹已存在！
/Users/wanxiaoguang/Downloads/goProjects/src/github.com/tidbcloud/qa-Gourd/util/logUtil.go:12: testData文件夹已存在！
/Users/wanxiaoguang/Downloads/goProjects/src/github.com/tidbcloud/qa-Gourd/util/logUtil.go:12: conf文件夹已存在！
/Users/wanxiaoguang/Downloads/goProjects/src/github.com/tidbcloud/qa-Gourd/util/logUtil.go:12: check_traffic_filter_test.go文件创建成功！
/Users/wanxiaoguang/Downloads/goProjects/src/github.com/tidbcloud/qa-Gourd/util/logUtil.go:12: check_traffic_filter_test.go文件写入成功!
/Users/wanxiaoguang/Downloads/goProjects/src/github.com/tidbcloud/qa-Gourd/util/logUtil.go:12: check_traffic_filter.csv文件创建成功！
/Users/wanxiaoguang/Downloads/goProjects/src/github.com/tidbcloud/qa-Gourd/util/logUtil.go:12: check_traffic_filter.csv文件写入成功!
/Users/wanxiaoguang/Downloads/goProjects/src/github.com/tidbcloud/qa-Gourd/util/logUtil.go:12: staging.conf文件已存在！
/Users/wanxiaoguang/Downloads/goProjects/src/github.com/tidbcloud/qa-Gourd/util/logUtil.go:12: testCase文件夹已存在！
/Users/wanxiaoguang/Downloads/goProjects/src/github.com/tidbcloud/qa-Gourd/util/logUtil.go:12: testData文件夹已存在！
/Users/wanxiaoguang/Downloads/goProjects/src/github.com/tidbcloud/qa-Gourd/util/logUtil.go:12: conf文件夹已存在！
/Users/wanxiaoguang/Downloads/goProjects/src/github.com/tidbcloud/qa-Gourd/util/logUtil.go:12: check_VPCs_test.go文件创建成功！
/Users/wanxiaoguang/Downloads/goProjects/src/github.com/tidbcloud/qa-Gourd/util/logUtil.go:12: check_VPCs_test.go文件写入成功!
/Users/wanxiaoguang/Downloads/goProjects/src/github.com/tidbcloud/qa-Gourd/util/logUtil.go:12: check_VPCs.csv文件创建成功！
/Users/wanxiaoguang/Downloads/goProjects/src/github.com/tidbcloud/qa-Gourd/util/logUtil.go:12: check_VPCs.csv文件写入成功!
/Users/wanxiaoguang/Downloads/goProjects/src/github.com/tidbcloud/qa-Gourd/util/logUtil.go:12: staging.conf文件已存在！
/Users/wanxiaoguang/Downloads/goProjects/src/github.com/tidbcloud/qa-Gourd/util/logUtil.go:12: testCase文件夹已存在！
/Users/wanxiaoguang/Downloads/goProjects/src/github.com/tidbcloud/qa-Gourd/util/logUtil.go:12: testData文件夹已存在！
/Users/wanxiaoguang/Downloads/goProjects/src/github.com/tidbcloud/qa-Gourd/util/logUtil.go:12: conf文件夹已存在！
/Users/wanxiaoguang/Downloads/goProjects/src/github.com/tidbcloud/qa-Gourd/util/logUtil.go:12: check_gcpVPCs_test.go文件创建成功！
/Users/wanxiaoguang/Downloads/goProjects/src/github.com/tidbcloud/qa-Gourd/util/logUtil.go:12: check_gcpVPCs_test.go文件写入成功!
/Users/wanxiaoguang/Downloads/goProjects/src/github.com/tidbcloud/qa-Gourd/util/logUtil.go:12: check_gcpVPCs.csv文件创建成功！
/Users/wanxiaoguang/Downloads/goProjects/src/github.com/tidbcloud/qa-Gourd/util/logUtil.go:12: check_gcpVPCs.csv文件写入成功!
/Users/wanxiaoguang/Downloads/goProjects/src/github.com/tidbcloud/qa-Gourd/util/logUtil.go:12: staging.conf文件已存在！
/Users/wanxiaoguang/Downloads/goProjects/src/github.com/tidbcloud/qa-Gourd/util/logUtil.go:12: testCase文件夹已存在！
/Users/wanxiaoguang/Downloads/goProjects/src/github.com/tidbcloud/qa-Gourd/util/logUtil.go:12: testData文件夹已存在！
/Users/wanxiaoguang/Downloads/goProjects/src/github.com/tidbcloud/qa-Gourd/util/logUtil.go:12: conf文件夹已存在！
/Users/wanxiaoguang/Downloads/goProjects/src/github.com/tidbcloud/qa-Gourd/util/logUtil.go:12: check_current_cost_test.go文件创建成功！
/Users/wanxiaoguang/Downloads/goProjects/src/github.com/tidbcloud/qa-Gourd/util/logUtil.go:12: check_current_cost_test.go文件写入成功!
/Users/wanxiaoguang/Downloads/goProjects/src/github.com/tidbcloud/qa-Gourd/util/logUtil.go:12: check_current_cost.csv文件创建成功！
/Users/wanxiaoguang/Downloads/goProjects/src/github.com/tidbcloud/qa-Gourd/util/logUtil.go:12: check_current_cost.csv文件写入成功!
/Users/wanxiaoguang/Downloads/goProjects/src/github.com/tidbcloud/qa-Gourd/util/logUtil.go:12: staging.conf文件已存在！
/Users/wanxiaoguang/Downloads/goProjects/src/github.com/tidbcloud/qa-Gourd/util/logUtil.go:12: testCase文件夹已存在！
/Users/wanxiaoguang/Downloads/goProjects/src/github.com/tidbcloud/qa-Gourd/util/logUtil.go:12: testData文件夹已存在！
/Users/wanxiaoguang/Downloads/goProjects/src/github.com/tidbcloud/qa-Gourd/util/logUtil.go:12: conf文件夹已存在！
/Users/wanxiaoguang/Downloads/goProjects/src/github.com/tidbcloud/qa-Gourd/util/logUtil.go:12: check_invoices_test.go文件创建成功！
/Users/wanxiaoguang/Downloads/goProjects/src/github.com/tidbcloud/qa-Gourd/util/logUtil.go:12: check_invoices_test.go文件写入成功!
/Users/wanxiaoguang/Downloads/goProjects/src/github.com/tidbcloud/qa-Gourd/util/logUtil.go:12: check_invoices.csv文件创建成功！
/Users/wanxiaoguang/Downloads/goProjects/src/github.com/tidbcloud/qa-Gourd/util/logUtil.go:12: check_invoices.csv文件写入成功!
/Users/wanxiaoguang/Downloads/goProjects/src/github.com/tidbcloud/qa-Gourd/util/logUtil.go:12: staging.conf文件已存在！
/Users/wanxiaoguang/Downloads/goProjects/src/github.com/tidbcloud/qa-Gourd/util/logUtil.go:12: testCase文件夹已存在！
/Users/wanxiaoguang/Downloads/goProjects/src/github.com/tidbcloud/qa-Gourd/util/logUtil.go:12: testData文件夹已存在！
/Users/wanxiaoguang/Downloads/goProjects/src/github.com/tidbcloud/qa-Gourd/util/logUtil.go:12: conf文件夹已存在！
/Users/wanxiaoguang/Downloads/goProjects/src/github.com/tidbcloud/qa-Gourd/util/logUtil.go:12: check_payment_method_test.go文件创建成功！
/Users/wanxiaoguang/Downloads/goProjects/src/github.com/tidbcloud/qa-Gourd/util/logUtil.go:12: check_payment_method_test.go文件写入成功!
/Users/wanxiaoguang/Downloads/goProjects/src/github.com/tidbcloud/qa-Gourd/util/logUtil.go:12: check_payment_method.csv文件创建成功！
/Users/wanxiaoguang/Downloads/goProjects/src/github.com/tidbcloud/qa-Gourd/util/logUtil.go:12: check_payment_method.csv文件写入成功!
/Users/wanxiaoguang/Downloads/goProjects/src/github.com/tidbcloud/qa-Gourd/util/logUtil.go:12: staging.conf文件已存在！
/Users/wanxiaoguang/Downloads/goProjects/src/github.com/tidbcloud/qa-Gourd/util/logUtil.go:12: testCase文件夹已存在！
/Users/wanxiaoguang/Downloads/goProjects/src/github.com/tidbcloud/qa-Gourd/util/logUtil.go:12: testData文件夹已存在！
/Users/wanxiaoguang/Downloads/goProjects/src/github.com/tidbcloud/qa-Gourd/util/logUtil.go:12: conf文件夹已存在！
/Users/wanxiaoguang/Downloads/goProjects/src/github.com/tidbcloud/qa-Gourd/util/logUtil.go:12: check_2FA_test.go文件创建成功！
/Users/wanxiaoguang/Downloads/goProjects/src/github.com/tidbcloud/qa-Gourd/util/logUtil.go:12: check_2FA_test.go文件写入成功!
/Users/wanxiaoguang/Downloads/goProjects/src/github.com/tidbcloud/qa-Gourd/util/logUtil.go:12: check_2FA.csv文件创建成功！
/Users/wanxiaoguang/Downloads/goProjects/src/github.com/tidbcloud/qa-Gourd/util/logUtil.go:12: check_2FA.csv文件写入成功!
/Users/wanxiaoguang/Downloads/goProjects/src/github.com/tidbcloud/qa-Gourd/util/logUtil.go:12: staging.conf文件已存在！
/Users/wanxiaoguang/Downloads/goProjects/src/github.com/tidbcloud/qa-Gourd/util/logUtil.go:12: testCase文件夹已存在！
/Users/wanxiaoguang/Downloads/goProjects/src/github.com/tidbcloud/qa-Gourd/util/logUtil.go:12: testData文件夹已存在！
/Users/wanxiaoguang/Downloads/goProjects/src/github.com/tidbcloud/qa-Gourd/util/logUtil.go:12: conf文件夹已存在！
/Users/wanxiaoguang/Downloads/goProjects/src/github.com/tidbcloud/qa-Gourd/util/logUtil.go:12: check_2FA_test.go文件已存在！
/Users/wanxiaoguang/Downloads/goProjects/src/github.com/tidbcloud/qa-Gourd/util/logUtil.go:12: check_2FA.csv文件已存在！
/Users/wanxiaoguang/Downloads/goProjects/src/github.com/tidbcloud/qa-Gourd/util/logUtil.go:12: staging.conf文件已存在！
/Users/wanxiaoguang/Downloads/goProjects/src/github.com/tidbcloud/qa-Gourd/util/logUtil.go:12: testCase文件夹已存在！
/Users/wanxiaoguang/Downloads/goProjects/src/github.com/tidbcloud/qa-Gourd/util/logUtil.go:12: testData文件夹已存在！
/Users/wanxiaoguang/Downloads/goProjects/src/github.com/tidbcloud/qa-Gourd/util/logUtil.go:12: conf文件夹已存在！
/Users/wanxiaoguang/Downloads/goProjects/src/github.com/tidbcloud/qa-Gourd/util/logUtil.go:12: check_user_access_test.go文件创建成功！
/Users/wanxiaoguang/Downloads/goProjects/src/github.com/tidbcloud/qa-Gourd/util/logUtil.go:12: check_user_access_test.go文件写入成功!
/Users/wanxiaoguang/Downloads/goProjects/src/github.com/tidbcloud/qa-Gourd/util/logUtil.go:12: check_user_access.csv文件创建成功！
/Users/wanxiaoguang/Downloads/goProjects/src/github.com/tidbcloud/qa-Gourd/util/logUtil.go:12: check_user_access.csv文件写入成功!
/Users/wanxiaoguang/Downloads/goProjects/src/github.com/tidbcloud/qa-Gourd/util/logUtil.go:12: staging.conf文件已存在！
/Users/wanxiaoguang/Downloads/goProjects/src/github.com/tidbcloud/qa-Gourd/util/logUtil.go:12: testCase文件夹已存在！
/Users/wanxiaoguang/Downloads/goProjects/src/github.com/tidbcloud/qa-Gourd/util/logUtil.go:12: testData文件夹已存在！
/Users/wanxiaoguang/Downloads/goProjects/src/github.com/tidbcloud/qa-Gourd/util/logUtil.go:12: conf文件夹已存在！
/Users/wanxiaoguang/Downloads/goProjects/src/github.com/tidbcloud/qa-Gourd/util/logUtil.go:12: check_user_access_test.go文件已存在！
/Users/wanxiaoguang/Downloads/goProjects/src/github.com/tidbcloud/qa-Gourd/util/logUtil.go:12: check_user_access.csv文件已存在！
/Users/wanxiaoguang/Downloads/goProjects/src/github.com/tidbcloud/qa-Gourd/util/logUtil.go:12: staging.conf文件已存在！
/Users/wanxiaoguang/Downloads/goProjects/src/github.com/tidbcloud/qa-Gourd/util/logUtil.go:12: testCase文件夹已存在！
/Users/wanxiaoguang/Downloads/goProjects/src/github.com/tidbcloud/qa-Gourd/util/logUtil.go:12: testData文件夹已存在！
/Users/wanxiaoguang/Downloads/goProjects/src/github.com/tidbcloud/qa-Gourd/util/logUtil.go:12: conf文件夹已存在！
/Users/wanxiaoguang/Downloads/goProjects/src/github.com/tidbcloud/qa-Gourd/util/logUtil.go:12: dashboard_tidb_info_test.go文件创建成功！
/Users/wanxiaoguang/Downloads/goProjects/src/github.com/tidbcloud/qa-Gourd/util/logUtil.go:12: dashboard_tidb_info_test.go文件写入成功!
/Users/wanxiaoguang/Downloads/goProjects/src/github.com/tidbcloud/qa-Gourd/util/logUtil.go:12: dashboard_tidb_info.csv文件创建成功！
/Users/wanxiaoguang/Downloads/goProjects/src/github.com/tidbcloud/qa-Gourd/util/logUtil.go:12: dashboard_tidb_info.csv文件写入成功!
/Users/wanxiaoguang/Downloads/goProjects/src/github.com/tidbcloud/qa-Gourd/util/logUtil.go:12: staging.conf文件已存在！
/Users/wanxiaoguang/Downloads/goProjects/src/github.com/tidbcloud/qa-Gourd/util/logUtil.go:12: testCase文件夹已存在！
/Users/wanxiaoguang/Downloads/goProjects/src/github.com/tidbcloud/qa-Gourd/util/logUtil.go:12: testData文件夹已存在！
/Users/wanxiaoguang/Downloads/goProjects/src/github.com/tidbcloud/qa-Gourd/util/logUtil.go:12: conf文件夹已存在！
/Users/wanxiaoguang/Downloads/goProjects/src/github.com/tidbcloud/qa-Gourd/util/logUtil.go:12: dashboard_conf_test.go文件创建成功！
/Users/wanxiaoguang/Downloads/goProjects/src/github.com/tidbcloud/qa-Gourd/util/logUtil.go:12: dashboard_conf_test.go文件写入成功!
/Users/wanxiaoguang/Downloads/goProjects/src/github.com/tidbcloud/qa-Gourd/util/logUtil.go:12: dashboard_conf.csv文件创建成功！
/Users/wanxiaoguang/Downloads/goProjects/src/github.com/tidbcloud/qa-Gourd/util/logUtil.go:12: dashboard_conf.csv文件写入成功!
/Users/wanxiaoguang/Downloads/goProjects/src/github.com/tidbcloud/qa-Gourd/util/logUtil.go:12: staging.conf文件已存在！
/Users/wanxiaoguang/Downloads/goProjects/src/github.com/tidbcloud/qa-Gourd/util/logUtil.go:12: testCase文件夹已存在！
/Users/wanxiaoguang/Downloads/goProjects/src/github.com/tidbcloud/qa-Gourd/util/logUtil.go:12: testData文件夹已存在！
/Users/wanxiaoguang/Downloads/goProjects/src/github.com/tidbcloud/qa-Gourd/util/logUtil.go:12: conf文件夹已存在！
/Users/wanxiaoguang/Downloads/goProjects/src/github.com/tidbcloud/qa-Gourd/util/logUtil.go:12: dashboard_databases_test.go文件创建成功！
/Users/wanxiaoguang/Downloads/goProjects/src/github.com/tidbcloud/qa-Gourd/util/logUtil.go:12: dashboard_databases_test.go文件写入成功!
/Users/wanxiaoguang/Downloads/goProjects/src/github.com/tidbcloud/qa-Gourd/util/logUtil.go:12: dashboard_databases.csv文件创建成功！
/Users/wanxiaoguang/Downloads/goProjects/src/github.com/tidbcloud/qa-Gourd/util/logUtil.go:12: dashboard_databases.csv文件写入成功!
/Users/wanxiaoguang/Downloads/goProjects/src/github.com/tidbcloud/qa-Gourd/util/logUtil.go:12: staging.conf文件已存在！
/Users/wanxiaoguang/Downloads/goProjects/src/github.com/tidbcloud/qa-Gourd/util/logUtil.go:12: testCase文件夹已存在！
/Users/wanxiaoguang/Downloads/goProjects/src/github.com/tidbcloud/qa-Gourd/util/logUtil.go:12: testData文件夹已存在！
/Users/wanxiaoguang/Downloads/goProjects/src/github.com/tidbcloud/qa-Gourd/util/logUtil.go:12: conf文件夹已存在！
/Users/wanxiaoguang/Downloads/goProjects/src/github.com/tidbcloud/qa-Gourd/util/logUtil.go:12: dashboard_check_heatmaps_test.go文件创建成功！
/Users/wanxiaoguang/Downloads/goProjects/src/github.com/tidbcloud/qa-Gourd/util/logUtil.go:12: dashboard_check_heatmaps_test.go文件写入成功!
/Users/wanxiaoguang/Downloads/goProjects/src/github.com/tidbcloud/qa-Gourd/util/logUtil.go:12: dashboard_check_heatmaps.csv文件创建成功！
/Users/wanxiaoguang/Downloads/goProjects/src/github.com/tidbcloud/qa-Gourd/util/logUtil.go:12: dashboard_check_heatmaps.csv文件写入成功!
/Users/wanxiaoguang/Downloads/goProjects/src/github.com/tidbcloud/qa-Gourd/util/logUtil.go:12: staging.conf文件已存在！
/Users/wanxiaoguang/Downloads/goProjects/src/github.com/tidbcloud/qa-Gourd/util/logUtil.go:12: testCase文件夹已存在！
/Users/wanxiaoguang/Downloads/goProjects/src/github.com/tidbcloud/qa-Gourd/util/logUtil.go:12: testData文件夹已存在！
/Users/wanxiaoguang/Downloads/goProjects/src/github.com/tidbcloud/qa-Gourd/util/logUtil.go:12: conf文件夹已存在！
/Users/wanxiaoguang/Downloads/goProjects/src/github.com/tidbcloud/qa-Gourd/util/logUtil.go:12: dashboard_check_heatmaps_config_test.go文件创建成功！
/Users/wanxiaoguang/Downloads/goProjects/src/github.com/tidbcloud/qa-Gourd/util/logUtil.go:12: dashboard_check_heatmaps_config_test.go文件写入成功!
/Users/wanxiaoguang/Downloads/goProjects/src/github.com/tidbcloud/qa-Gourd/util/logUtil.go:12: dashboard_check_heatmaps_config.csv文件创建成功！
/Users/wanxiaoguang/Downloads/goProjects/src/github.com/tidbcloud/qa-Gourd/util/logUtil.go:12: dashboard_check_heatmaps_config.csv文件写入成功!
/Users/wanxiaoguang/Downloads/goProjects/src/github.com/tidbcloud/qa-Gourd/util/logUtil.go:12: staging.conf文件已存在！
/Users/wanxiaoguang/Downloads/goProjects/src/github.com/tidbcloud/qa-Gourd/util/logUtil.go:12: testCase文件夹已存在！
/Users/wanxiaoguang/Downloads/goProjects/src/github.com/tidbcloud/qa-Gourd/util/logUtil.go:12: testData文件夹已存在！
/Users/wanxiaoguang/Downloads/goProjects/src/github.com/tidbcloud/qa-Gourd/util/logUtil.go:12: conf文件夹已存在！
/Users/wanxiaoguang/Downloads/goProjects/src/github.com/tidbcloud/qa-Gourd/util/logUtil.go:12: dashboard_statement_list_test.go文件创建成功！
/Users/wanxiaoguang/Downloads/goProjects/src/github.com/tidbcloud/qa-Gourd/util/logUtil.go:12: dashboard_statement_list_test.go文件写入成功!
/Users/wanxiaoguang/Downloads/goProjects/src/github.com/tidbcloud/qa-Gourd/util/logUtil.go:12: dashboard_statement_list.csv文件创建成功！
/Users/wanxiaoguang/Downloads/goProjects/src/github.com/tidbcloud/qa-Gourd/util/logUtil.go:12: dashboard_statement_list.csv文件写入成功!
/Users/wanxiaoguang/Downloads/goProjects/src/github.com/tidbcloud/qa-Gourd/util/logUtil.go:12: staging.conf文件已存在！
/Users/wanxiaoguang/Downloads/goProjects/src/github.com/tidbcloud/qa-Gourd/util/logUtil.go:12: testCase文件夹已存在！
/Users/wanxiaoguang/Downloads/goProjects/src/github.com/tidbcloud/qa-Gourd/util/logUtil.go:12: testData文件夹已存在！
/Users/wanxiaoguang/Downloads/goProjects/src/github.com/tidbcloud/qa-Gourd/util/logUtil.go:12: conf文件夹已存在！
/Users/wanxiaoguang/Downloads/goProjects/src/github.com/tidbcloud/qa-Gourd/util/logUtil.go:12: dashboard_time_ranges_test.go文件创建成功！
/Users/wanxiaoguang/Downloads/goProjects/src/github.com/tidbcloud/qa-Gourd/util/logUtil.go:12: dashboard_time_ranges_test.go文件写入成功!
/Users/wanxiaoguang/Downloads/goProjects/src/github.com/tidbcloud/qa-Gourd/util/logUtil.go:12: dashboard_time_ranges.csv文件创建成功！
/Users/wanxiaoguang/Downloads/goProjects/src/github.com/tidbcloud/qa-Gourd/util/logUtil.go:12: dashboard_time_ranges.csv文件写入成功!
/Users/wanxiaoguang/Downloads/goProjects/src/github.com/tidbcloud/qa-Gourd/util/logUtil.go:12: staging.conf文件已存在！
/Users/wanxiaoguang/Downloads/goProjects/src/github.com/tidbcloud/qa-Gourd/util/logUtil.go:12: testCase文件夹已存在！
/Users/wanxiaoguang/Downloads/goProjects/src/github.com/tidbcloud/qa-Gourd/util/logUtil.go:12: testData文件夹已存在！
/Users/wanxiaoguang/Downloads/goProjects/src/github.com/tidbcloud/qa-Gourd/util/logUtil.go:12: conf文件夹已存在！
/Users/wanxiaoguang/Downloads/goProjects/src/github.com/tidbcloud/qa-Gourd/util/logUtil.go:12: check_billing_test.go文件创建成功！
/Users/wanxiaoguang/Downloads/goProjects/src/github.com/tidbcloud/qa-Gourd/util/logUtil.go:12: check_billing_test.go文件写入成功!
/Users/wanxiaoguang/Downloads/goProjects/src/github.com/tidbcloud/qa-Gourd/util/logUtil.go:12: check_billing.csv文件创建成功！
/Users/wanxiaoguang/Downloads/goProjects/src/github.com/tidbcloud/qa-Gourd/util/logUtil.go:12: check_billing.csv文件写入成功!
/Users/wanxiaoguang/Downloads/goProjects/src/github.com/tidbcloud/qa-Gourd/util/logUtil.go:12: staging.conf文件已存在！
/Users/wanxiaoguang/Downloads/goProjects/src/github.com/tidbcloud/qa-Gourd/util/logUtil.go:12: testCase文件夹已存在！
/Users/wanxiaoguang/Downloads/goProjects/src/github.com/tidbcloud/qa-Gourd/util/logUtil.go:12: testData文件夹已存在！
/Users/wanxiaoguang/Downloads/goProjects/src/github.com/tidbcloud/qa-Gourd/util/logUtil.go:12: conf文件夹已存在！
/Users/wanxiaoguang/Downloads/goProjects/src/github.com/tidbcloud/qa-Gourd/util/logUtil.go:12: check_me_test.go文件创建成功！
/Users/wanxiaoguang/Downloads/goProjects/src/github.com/tidbcloud/qa-Gourd/util/logUtil.go:12: check_me_test.go文件写入成功!
/Users/wanxiaoguang/Downloads/goProjects/src/github.com/tidbcloud/qa-Gourd/util/logUtil.go:12: check_me.csv文件创建成功！
/Users/wanxiaoguang/Downloads/goProjects/src/github.com/tidbcloud/qa-Gourd/util/logUtil.go:12: check_me.csv文件写入成功!
/Users/wanxiaoguang/Downloads/goProjects/src/github.com/tidbcloud/qa-Gourd/util/logUtil.go:12: staging.conf文件已存在！
